0 verbose cli [ '/usr/local/bin/node', '/usr/local/bin/npm', 'install' ]
1 info using npm@8.2.0
2 info using node@v17.2.0
3 timing npm:load:whichnode Completed in 1ms
4 timing config:load:defaults Completed in 3ms
5 timing config:load:file:/usr/local/lib/node_modules/npm/npmrc Completed in 1ms
6 timing config:load:builtin Completed in 2ms
7 timing config:load:cli Completed in 1ms
8 timing config:load:env Completed in 1ms
9 timing config:load:project Completed in 80ms
10 timing config:load:file:/home/container/.npmrc Completed in 1ms
11 timing config:load:user Completed in 1ms
12 timing config:load:file:/usr/local/etc/npmrc Completed in 0ms
13 timing config:load:global Completed in 1ms
14 timing config:load:validate Completed in 0ms
15 timing config:load:credentials Completed in 2ms
16 timing config:load:setEnvs Completed in 1ms
17 timing config:load Completed in 94ms
18 timing npm:load:configload Completed in 94ms
19 timing npm:load:setTitle Completed in 0ms
20 timing config:load:flatten Completed in 5ms
21 timing npm:load:display Completed in 8ms
22 verbose logfile /home/container/.npm/_logs/2021-12-09T04_00_37_802Z-debug-0.log
23 timing npm:load:logFile Completed in 85ms
24 timing npm:load:timers Completed in 1ms
25 timing npm:load:configScope Completed in 0ms
26 timing npm:load Completed in 190ms
27 timing arborist:ctor Completed in 1ms
28 timing idealTree:init Completed in 400ms
29 timing idealTree:userRequests Completed in 0ms
30 silly idealTree buildDeps
31 timing idealTree:#root Completed in 0ms
32 timing idealTree:buildDeps Completed in 2ms
33 timing idealTree:fixDepFlags Completed in 0ms
34 timing idealTree Completed in 407ms
35 timing arborist:ctor Completed in 0ms
36 timing reify:loadTrees Completed in 613ms
37 timing reify:diffTrees Completed in 82ms
38 silly reify moves {}
39 timing reify:retireShallow Completed in 1ms
40 timing reify:createSparse Completed in 0ms
41 timing reify:loadBundles Completed in 0ms
42 silly audit bulk request {
42 silly audit   '@discordjs/builders': [ '0.6.0', '0.8.2' ],
42 silly audit   'discord-api-types': [ '0.22.0', '0.18.1', '0.24.0', '0.23.1' ],
42 silly audit   '@discordjs/collection': [ '0.3.2', '0.1.6' ],
42 silly audit   '@discordjs/form-data': [ '3.0.1' ],
42 silly audit   '@discordjs/rest': [ '0.1.0-canary.0' ],
42 silly audit   '@discordjs/voice': [ '0.7.2' ],
42 silly audit   ws: [ '8.2.3', '7.5.5' ],
42 silly audit   '@sapphire/async-queue': [ '1.1.8' ],
42 silly audit   '@sapphire/snowflake': [ '1.3.6' ],
42 silly audit   '@sindresorhus/is': [ '4.2.0' ],
42 silly audit   '@types/node': [ '16.11.6', '15.14.9' ],
42 silly audit   '@types/node-fetch': [ '2.5.12' ],
42 silly audit   'form-data': [ '3.0.1', '4.0.0' ],
42 silly audit   '@types/ws': [ '8.2.0' ],
42 silly audit   'abort-controller': [ '3.0.0' ],
42 silly audit   asynckit: [ '0.4.0' ],
42 silly audit   axios: [ '0.24.0' ],
42 silly audit   backoff: [ '2.5.0' ],
42 silly audit   'balanced-match': [ '1.0.2' ],
42 silly audit   'brace-expansion': [ '1.1.11' ],
42 silly audit   callsites: [ '3.1.0' ],
42 silly audit   'combined-stream': [ '1.0.8' ],
42 silly audit   'concat-map': [ '0.0.1' ],
42 silly audit   'delayed-stream': [ '1.0.0' ],
42 silly audit   'discord.js': [ '13.3.1' ],
42 silly audit   'dot-prop': [ '6.0.1' ],
42 silly audit   'event-target-shim': [ '5.0.1' ],
42 silly audit   'follow-redirects': [ '1.14.5' ],
42 silly audit   'fs.realpath': [ '1.0.0' ],
42 silly audit   'function-bind': [ '1.1.1' ],
42 silly audit   glob: [ '7.2.0' ],
42 silly audit   has: [ '1.0.3' ],
42 silly audit   inflight: [ '1.0.6' ],
42 silly audit   inherits: [ '2.0.4' ],
42 silly audit   interpret: [ '1.4.0' ],
42 silly audit   'is-core-module': [ '2.6.0' ],
42 silly audit   'is-obj': [ '2.0.0' ],
42 silly audit   lavacord: [ '1.1.9' ],
42 silly audit   lavalink: [ '2.11.0' ],
42 silly audit   'lodash.isequal': [ '4.5.0' ],
42 silly audit   m3u8stream: [ '0.8.4' ],
42 silly audit   'mime-db': [ '1.49.0' ],
42 silly audit   'mime-types': [ '2.1.32' ],
42 silly audit   miniget: [ '4.2.1' ],
42 silly audit   minimatch: [ '3.0.4' ],
42 silly audit   'node-fetch': [ '2.6.5' ],
42 silly audit   once: [ '1.4.0' ],
42 silly audit   opusscript: [ '0.0.8' ],
42 silly audit   ow: [ '0.27.0' ],
42 silly audit   'path-is-absolute': [ '1.0.1' ],
42 silly audit   'path-parse': [ '1.0.7' ],
42 silly audit   precond: [ '0.2.3' ],
42 silly audit   'prism-media': [ '1.3.2' ],
42 silly audit   rechoir: [ '0.6.2' ],
42 silly audit   resolve: [ '1.20.0' ],
42 silly audit   sax: [ '1.2.4' ],
42 silly audit   shelljs: [ '0.8.4' ],
42 silly audit   'tiny-typed-emitter': [ '2.1.0' ],
42 silly audit   tr46: [ '0.0.3' ],
42 silly audit   'ts-mixer': [ '6.0.0' ],
42 silly audit   tslib: [ '2.3.1' ],
42 silly audit   'type-fest': [ '1.4.0' ],
42 silly audit   'vali-date': [ '1.0.0' ],
42 silly audit   'webidl-conversions': [ '3.0.1' ],
42 silly audit   'whatwg-url': [ '5.0.0' ],
42 silly audit   wrappy: [ '1.0.2' ],
42 silly audit   'ytdl-core': [ '4.9.1' ],
42 silly audit   'ytdl-core-discord': [ '1.3.1' ]
42 silly audit }
43 timing reify:unpack Completed in 2ms
44 timing reify:unretire Completed in 0ms
45 timing build:queue Completed in 0ms
46 timing build:deps Completed in 1ms
47 timing build Completed in 1ms
48 timing reify:build Completed in 1ms
49 timing reify:trash Completed in 0ms
50 timing reify:save Completed in 102ms
51 http fetch POST 200 https://registry.npmjs.org/-/npm/v1/security/advisories/bulk 1356ms
52 timing auditReport:getReport Completed in 1361ms
53 silly audit report {}
54 timing auditReport:init Completed in 0ms
55 timing reify:audit Completed in 1363ms
56 timing reify Completed in 2163ms
57 timing command:install Completed in 2176ms
58 verbose exit 0
59 timing npm Completed in 3356ms
60 info ok
